<?xml version="1.0" encoding="UTF-8"?>
<!-- Generated by org.testng.reporters.JUnitXMLReporter -->
<testsuite ignored="0" hostname="DESKTOP-2GFHKON" failures="0" tests="4" name="Test" time="1.607" errors="0" timestamp="2023-04-28T13:48:33 IST">
  <testcase classname="contactUsPageTest.ContactUsPage" name="@BeforeClass setup" time="1.029">
    <failure type="java.lang.IllegalStateException" message="The driver executable must exist: C:\Users\Shree\eclipse-workspace\com.patona\Drivers\chromedriver.exe">
      <![CDATA[java.lang.IllegalStateException: The driver executable must exist: C:\Users\Shree\eclipse-workspace\com.patona\Drivers\chromedriver.exe
at org.openqa.selenium.internal.Require$FileStateChecker.isFile(Require.java:345)
at org.openqa.selenium.remote.service.DriverFinder.getPath(DriverFinder.java:39)
at org.openqa.selenium.chrome.ChromeDriver.generateExecutor(ChromeDriver.java:98)
at org.openqa.selenium.chrome.ChromeDriver.<init>(ChromeDriver.java:88)
at org.openqa.selenium.chrome.ChromeDriver.<init>(ChromeDriver.java:84)
at org.openqa.selenium.chrome.ChromeDriver.<init>(ChromeDriver.java:52)
at BaseLayer.BaseClass.intialization(BaseClass.java:15)
at contactUsPageTest.ContactUsPage.setup(ContactUsPage.java:17)
at java.base/java.util.ArrayList.forEach(ArrayList.java:1511)
... Removed 25 stack frames]]>
    </failure>
  </testcase> <!-- @BeforeClass setup -->
  <testcase classname="contactUsPageTest.ContactUsPage" name="@AfterClass tearDown" time="0.0">
    <skipped/>
  </testcase> <!-- @AfterClass tearDown -->
  <testcase classname="contactUsPageTest.ContactUsPage" name="validateContactUspage" time="0.0">
    <skipped/>
  </testcase> <!-- validateContactUspage -->
  <testcase classname="contactUsPageTest.ContactUsPage" name="validateCountryDrpDwn" time="0.0">
    <skipped/>
  </testcase> <!-- validateCountryDrpDwn -->
  <testcase classname="contactUsPageTest.ContactUsPage" name="validateherdaboutDrpDwn" time="0.001">
    <skipped/>
  </testcase> <!-- validateherdaboutDrpDwn -->
  <testcase classname="contactUsPageTest.ContactUsPage" name="screenShot" time="0.001">
    <skipped/>
  </testcase> <!-- screenShot -->
</testsuite> <!-- Test -->
